<!DOCTYPE html PUBLIC "-//W3C//DTD XHTML 1.0 Transitional//EN" "http://www.w3.org/TR/xhtml1/DTD/xhtml1-transitional.dtd">
<!-- Generated by Apache Maven Doxia Site Renderer 1.4 at 2015-04-13 -->
<html xmlns="http://www.w3.org/1999/xhtml" xml:lang="en" lang="en">
  <head>
    <meta http-equiv="Content-Type" content="text/html; charset=UTF-8" />
    <title>UE_DMedicina - Surefire Report</title>
    <style type="text/css" media="all">
      @import url("./css/maven-base.css");
      @import url("./css/maven-theme.css");
      @import url("./css/site.css");
    </style>
    <link rel="stylesheet" href="./css/print.css" type="text/css" media="print" />
    <meta name="Date-Revision-yyyymmdd" content="20150413" />
    <meta http-equiv="Content-Language" content="en" />
        
        </head>
  <body class="composite">
    <div id="banner">
                    <div id="bannerLeft">
                UE_DMedicina
                </div>
                    <div class="clear">
        <hr/>
      </div>
    </div>
    <div id="breadcrumbs">
            
                    
                <div class="xleft">
        <span id="publishDate">Last Published: 2015-04-13</span>
                  &nbsp;| <span id="projectVersion">Version: 0.0.1-SNAPSHOT</span>
                      </div>
            <div class="xright">                    <a href="${project.url}" title="UE_DMedicina">UE_DMedicina</a>
              
                    
      </div>
      <div class="clear">
        <hr/>
      </div>
    </div>
    <div id="leftColumn">
      <div id="navcolumn">
             
                    
                                          <h5>Project Documentation</h5>
                  <ul>
                                                                                                                                                                                <li class="collapsed">
                          <a href="project-info.html" title="Project Information">Project Information</a>
                  </li>
                                                                                                <li class="expanded">
                          <a href="project-reports.html" title="Project Reports">Project Reports</a>
                    <ul>
                      <li class="none">
            <strong>Surefire Report</strong>
          </li>
                      <li class="none">
                          <a href="xref-test/index.html" title="Test Source Xref">Test Source Xref</a>
            </li>
              </ul>
        </li>
          </ul>
                             <a href="http://maven.apache.org/" title="Built by Maven" class="poweredBy">
        <img class="poweredBy" alt="Built by Maven" src="./images/logos/maven-feather.png" />
      </a>
                   
                    
            </div>
    </div>
    <div id="bodyColumn">
      <div id="contentBox">
        <script type="text/javascript">
//<![CDATA[
function toggleDisplay(elementId) {
 var elm = document.getElementById(elementId + 'error');
 if (elm && typeof elm.style != "undefined") {
 if (elm.style.display == "none") {
 elm.style.display = "";
 document.getElementById(elementId + 'off').style.display = "none";
 document.getElementById(elementId + 'on').style.display = "inline";
 } else if (elm.style.display == "") { elm.style.display = "none";
 document.getElementById(elementId + 'off').style.display = "inline";
 document.getElementById(elementId + 'on').style.display = "none";
 } 
 } 
 }
//]]>
</script>
<div class="section">
<h2>Surefire Report<a name="Surefire_Report"></a></h2></div>
<div class="section">
<h2>Summary<a name="Summary"></a></h2><a name="Summary"></a>
<p>[<a href="#Summary">Summary</a>] [<a href="#Package_List">Package List</a>] [<a href="#Test_Cases">Test Cases</a>]</p><br />
<table border="1" class="bodyTable">
<tr class="a">
<th>Tests</th>
<th>Errors </th>
<th>Failures</th>
<th>Skipped</th>
<th>Success Rate</th>
<th>Time</th></tr>
<tr class="b">
<td>13</td>
<td>9</td>
<td>0</td>
<td>0</td>
<td>30.769%</td>
<td>7,213.233</td></tr></table><br />
<p>Note: failures are anticipated and checked for with assertions while errors are unanticipated.</p><br /></div>
<div class="section">
<h2>Package List<a name="Package_List"></a></h2><a name="Package_List"></a>
<p>[<a href="#Summary">Summary</a>] [<a href="#Package_List">Package List</a>] [<a href="#Test_Cases">Test Cases</a>]</p><br />
<table border="1" class="bodyTable">
<tr class="a">
<th>Package</th>
<th>Tests</th>
<th>Errors </th>
<th>Failures</th>
<th>Skipped</th>
<th>Success Rate</th>
<th>Time</th></tr>
<tr class="b">
<td><a href="#Dmedicina">Dmedicina</a></td>
<td>13</td>
<td>9</td>
<td>0</td>
<td>0</td>
<td>30.769%</td>
<td>7,213.233</td></tr></table><br />
<p>Note: package statistics are not computed recursively, they only sum up all of its testsuites numbers.</p>
<div class="section">
<h3>Dmedicina<a name="Dmedicina"></a></h3><a name="Dmedicina"></a>
<table border="1" class="bodyTable">
<tr class="a">
<th></th>
<th>Class</th>
<th>Tests</th>
<th>Errors </th>
<th>Failures</th>
<th>Skipped</th>
<th>Success Rate</th>
<th>Time</th></tr>
<tr class="b">
<td><a href="#DmedicinaTest_Cabecera"><img src="images/icon_success_sml.gif" alt="" /></a></td>
<td><a href="#DmedicinaTest_Cabecera">Test_Cabecera</a></td>
<td>1</td>
<td>0</td>
<td>0</td>
<td>0</td>
<td>100%</td>
<td>28.1</td></tr>
<tr class="a">
<td><a href="#DmedicinaTest_Enfermedades"><img src="images/icon_error_sml.gif" alt="" /></a></td>
<td><a href="#DmedicinaTest_Enfermedades">Test_Enfermedades</a></td>
<td>1</td>
<td>1</td>
<td>0</td>
<td>0</td>
<td>0%</td>
<td>6,797.178</td></tr>
<tr class="b">
<td><a href="#DmedicinaTest_Familia_y_Embarazo"><img src="images/icon_error_sml.gif" alt="" /></a></td>
<td><a href="#DmedicinaTest_Familia_y_Embarazo">Test_Familia_y_Embarazo</a></td>
<td>3</td>
<td>3</td>
<td>0</td>
<td>0</td>
<td>0%</td>
<td>122.012</td></tr>
<tr class="a">
<td><a href="#DmedicinaTest_Login"><img src="images/icon_error_sml.gif" alt="" /></a></td>
<td><a href="#DmedicinaTest_Login">Test_Login</a></td>
<td>3</td>
<td>1</td>
<td>0</td>
<td>0</td>
<td>66.667%</td>
<td>65.566</td></tr>
<tr class="b">
<td><a href="#DmedicinaTest_VidaSana"><img src="images/icon_error_sml.gif" alt="" /></a></td>
<td><a href="#DmedicinaTest_VidaSana">Test_VidaSana</a></td>
<td>5</td>
<td>4</td>
<td>0</td>
<td>0</td>
<td>20%</td>
<td>200.377</td></tr></table></div><br /></div>
<div class="section">
<h2>Test Cases<a name="Test_Cases"></a></h2><a name="Test_Cases"></a>
<p>[<a href="#Summary">Summary</a>] [<a href="#Package_List">Package List</a>] [<a href="#Test_Cases">Test Cases</a>]</p>
<div class="section">
<h3>Test_Cabecera<a name="Test_Cabecera"></a></h3><a name="DmedicinaTest_Cabecera"></a>
<table border="1" class="bodyTable">
<tr class="a">
<td><img src="images/icon_success_sml.gif" alt="" /></td>
<td>Cabecera_Test</td>
<td>28.1</td></tr></table></div>
<div class="section">
<h3>Test_Enfermedades<a name="Test_Enfermedades"></a></h3><a name="DmedicinaTest_Enfermedades"></a>
<table border="1" class="bodyTable">
<tr class="a">
<td><a href="#Dmedicina.Test_Enfermedades.testAbrir_Enfermedades"><img src="images/icon_error_sml.gif" alt="" /></a></td>
<td><a href="#Dmedicina.Test_Enfermedades.testAbrir_Enfermedades">testAbrir_Enfermedades</a>
<div class="detailToggle" style="display:inline"><a href="javascript:toggleDisplay(&apos;Dmedicina.Test_Enfermedades.testAbrir_Enfermedades&apos;);"><span style="display:inline;" id="Dmedicina.Test_Enfermedades.testAbrir_Enfermedadesoff"> + </span><span style="display:none;" id="Dmedicina.Test_Enfermedades.testAbrir_Enfermedadeson"> - </span>[ Detail ]</a></div></td>
<td>6,797.178</td></tr>
<tr class="b">
<td></td>
<td>Unable to locate element: {&quot;method&quot;:&quot;css selector&quot;,&quot;selector&quot;:&quot;h1&quot;}
Command duration or timeout: 30.16 seconds
For documentation on this error, please visit: http://seleniumhq.org/exceptions/no_such_element.html
Build info: version: '2.45.0', revision: '5017cb8e7ca8e37638dc3091b2440b90a1d8686f', time: '2015-02-27 09:10:26'
System info: host: 'hp', ip: '192.168.59.3', os.name: 'Windows 8.1', os.arch: 'amd64', os.version: '6.3', java.version: '1.7.0_75'
*** Element info: {Using=css selector, value=h1}
Session ID: 05de8705-8432-48c7-a406-e7518d2dde1b
Driver info: org.openqa.selenium.firefox.FirefoxDriver
Capabilities [{platform=WINDOWS, acceptSslCerts=true, javascriptEnabled=true, cssSelectorsEnabled=true, databaseEnabled=true, browserName=firefox, handlesAlerts=true, nativeEvents=false, webStorageEnabled=true, rotatable=false, locationContextEnabled=true, applicationCacheEnabled=true, takesScreenshot=true, version=37.0.1}]</td>
<td></td></tr>
<tr class="a">
<td></td>
<td>
<div id="Dmedicina.Test_Enfermedades.testAbrir_Enfermedadeserror" style="display:none;">
<div>
<pre>org.openqa.selenium.NoSuchElementException: Unable to locate element: {&quot;method&quot;:&quot;css selector&quot;,&quot;selector&quot;:&quot;h1&quot;}Command duration or timeout: 30.16 secondsFor documentation on this error, please visit: http://seleniumhq.org/exceptions/no_such_element.htmlBuild info: version: '2.45.0', revision: '5017cb8e7ca8e37638dc3091b2440b90a1d8686f', time: '2015-02-27 09:10:26'System info: host: 'hp', ip: '192.168.59.3', os.name: 'Windows 8.1', os.arch: 'amd64', os.version: '6.3', java.version: '1.7.0_75'*** Element info: {Using=css selector, value=h1}Session ID: 05de8705-8432-48c7-a406-e7518d2dde1bDriver info: org.openqa.selenium.firefox.FirefoxDriverCapabilities [{platform=WINDOWS, acceptSslCerts=true, javascriptEnabled=true, cssSelectorsEnabled=true, databaseEnabled=true, browserName=firefox, handlesAlerts=true, nativeEvents=false, webStorageEnabled=true, rotatable=false, locationContextEnabled=true, applicationCacheEnabled=true, takesScreenshot=true, version=37.0.1}]at sun.reflect.NativeConstructorAccessorImpl.newInstance0(Native Method)at sun.reflect.NativeConstructorAccessorImpl.newInstance(NativeConstructorAccessorImpl.java:57)at sun.reflect.DelegatingConstructorAccessorImpl.newInstance(DelegatingConstructorAccessorImpl.java:45)at java.lang.reflect.Constructor.newInstance(Constructor.java:526)at org.openqa.selenium.remote.ErrorHandler.createThrowable(ErrorHandler.java:204)at org.openqa.selenium.remote.ErrorHandler.throwIfResponseFailed(ErrorHandler.java:156)at org.openqa.selenium.remote.RemoteWebDriver.execute(RemoteWebDriver.java:599)at org.openqa.selenium.remote.RemoteWebDriver.findElement(RemoteWebDriver.java:352)at org.openqa.selenium.remote.RemoteWebDriver.findElementByCssSelector(RemoteWebDriver.java:441)at org.openqa.selenium.By$ByCssSelector.findElement(By.java:425)at org.openqa.selenium.remote.RemoteWebDriver.findElement(RemoteWebDriver.java:344)at Dmedicina.Test_Enfermedades.testAbrir_Enfermedades(Test_Enfermedades.java:95)</pre></div></div></td>
<td></td></tr></table></div>
<div class="section">
<h3>Test_Familia_y_Embarazo<a name="Test_Familia_y_Embarazo"></a></h3><a name="DmedicinaTest_Familia_y_Embarazo"></a>
<table border="1" class="bodyTable">
<tr class="a">
<td><a href="#Dmedicina.Test_Familia_y_Embarazo.Test_Familia_y_Embarazo_Embarazo"><img src="images/icon_error_sml.gif" alt="" /></a></td>
<td><a href="#Dmedicina.Test_Familia_y_Embarazo.Test_Familia_y_Embarazo_Embarazo">Test_Familia_y_Embarazo_Embarazo</a>
<div class="detailToggle" style="display:inline"><a href="javascript:toggleDisplay(&apos;Dmedicina.Test_Familia_y_Embarazo.Test_Familia_y_Embarazo_Embarazo&apos;);"><span style="display:inline;" id="Dmedicina.Test_Familia_y_Embarazo.Test_Familia_y_Embarazo_Embarazooff"> + </span><span style="display:none;" id="Dmedicina.Test_Familia_y_Embarazo.Test_Familia_y_Embarazo_Embarazoon"> - </span>[ Detail ]</a></div></td>
<td>41.802</td></tr>
<tr class="b">
<td></td>
<td>Unable to locate element: {&quot;method&quot;:&quot;xpath&quot;,&quot;selector&quot;:&quot;(//a[contains(text(),'Embarazo')])[2]&quot;}
Command duration or timeout: 30.53 seconds
For documentation on this error, please visit: http://seleniumhq.org/exceptions/no_such_element.html
Build info: version: '2.45.0', revision: '5017cb8e7ca8e37638dc3091b2440b90a1d8686f', time: '2015-02-27 09:10:26'
System info: host: 'hp', ip: '192.168.59.3', os.name: 'Windows 8.1', os.arch: 'amd64', os.version: '6.3', java.version: '1.7.0_75'
*** Element info: {Using=xpath, value=(//a[contains(text(),'Embarazo')])[2]}
Session ID: 4ed73fba-92d2-4830-ad8d-9b78da34ecfd
Driver info: org.openqa.selenium.firefox.FirefoxDriver
Capabilities [{platform=WINDOWS, acceptSslCerts=true, javascriptEnabled=true, cssSelectorsEnabled=true, databaseEnabled=true, browserName=firefox, handlesAlerts=true, nativeEvents=false, webStorageEnabled=true, rotatable=false, locationContextEnabled=true, applicationCacheEnabled=true, takesScreenshot=true, version=37.0.1}]</td>
<td></td></tr>
<tr class="a">
<td></td>
<td>
<div id="Dmedicina.Test_Familia_y_Embarazo.Test_Familia_y_Embarazo_Embarazoerror" style="display:none;">
<div>
<pre>org.openqa.selenium.NoSuchElementException: Unable to locate element: {&quot;method&quot;:&quot;xpath&quot;,&quot;selector&quot;:&quot;(//a[contains(text(),'Embarazo')])[2]&quot;}Command duration or timeout: 30.53 secondsFor documentation on this error, please visit: http://seleniumhq.org/exceptions/no_such_element.htmlBuild info: version: '2.45.0', revision: '5017cb8e7ca8e37638dc3091b2440b90a1d8686f', time: '2015-02-27 09:10:26'System info: host: 'hp', ip: '192.168.59.3', os.name: 'Windows 8.1', os.arch: 'amd64', os.version: '6.3', java.version: '1.7.0_75'*** Element info: {Using=xpath, value=(//a[contains(text(),'Embarazo')])[2]}Session ID: 4ed73fba-92d2-4830-ad8d-9b78da34ecfdDriver info: org.openqa.selenium.firefox.FirefoxDriverCapabilities [{platform=WINDOWS, acceptSslCerts=true, javascriptEnabled=true, cssSelectorsEnabled=true, databaseEnabled=true, browserName=firefox, handlesAlerts=true, nativeEvents=false, webStorageEnabled=true, rotatable=false, locationContextEnabled=true, applicationCacheEnabled=true, takesScreenshot=true, version=37.0.1}]at sun.reflect.NativeConstructorAccessorImpl.newInstance0(Native Method)at sun.reflect.NativeConstructorAccessorImpl.newInstance(NativeConstructorAccessorImpl.java:57)at sun.reflect.DelegatingConstructorAccessorImpl.newInstance(DelegatingConstructorAccessorImpl.java:45)at java.lang.reflect.Constructor.newInstance(Constructor.java:526)at org.openqa.selenium.remote.ErrorHandler.createThrowable(ErrorHandler.java:204)at org.openqa.selenium.remote.ErrorHandler.throwIfResponseFailed(ErrorHandler.java:156)at org.openqa.selenium.remote.RemoteWebDriver.execute(RemoteWebDriver.java:599)at org.openqa.selenium.remote.RemoteWebDriver.findElement(RemoteWebDriver.java:352)at org.openqa.selenium.remote.RemoteWebDriver.findElementByXPath(RemoteWebDriver.java:449)at org.openqa.selenium.By$ByXPath.findElement(By.java:357)at org.openqa.selenium.remote.RemoteWebDriver.findElement(RemoteWebDriver.java:344)at Dmedicina.Familia_y_Embarazo.Seleccionar_opcion(Familia_y_Embarazo.java:20)at Dmedicina.Test_Familia_y_Embarazo.Test_Familia_y_Embarazo_Embarazo(Test_Familia_y_Embarazo.java:61)</pre></div></div></td>
<td></td></tr>
<tr class="b">
<td><a href="#Dmedicina.Test_Familia_y_Embarazo.Test_Familia_y_Embarazo_Main"><img src="images/icon_error_sml.gif" alt="" /></a></td>
<td><a href="#Dmedicina.Test_Familia_y_Embarazo.Test_Familia_y_Embarazo_Main">Test_Familia_y_Embarazo_Main</a>
<div class="detailToggle" style="display:inline"><a href="javascript:toggleDisplay(&apos;Dmedicina.Test_Familia_y_Embarazo.Test_Familia_y_Embarazo_Main&apos;);"><span style="display:inline;" id="Dmedicina.Test_Familia_y_Embarazo.Test_Familia_y_Embarazo_Mainoff"> + </span><span style="display:none;" id="Dmedicina.Test_Familia_y_Embarazo.Test_Familia_y_Embarazo_Mainon"> - </span>[ Detail ]</a></div></td>
<td>40.096</td></tr>
<tr class="a">
<td></td>
<td>Unable to locate element: {&quot;method&quot;:&quot;link text&quot;,&quot;selector&quot;:&quot;Fertilidad&quot;}
Command duration or timeout: 31.28 seconds
For documentation on this error, please visit: http://seleniumhq.org/exceptions/no_such_element.html
Build info: version: '2.45.0', revision: '5017cb8e7ca8e37638dc3091b2440b90a1d8686f', time: '2015-02-27 09:10:26'
System info: host: 'hp', ip: '192.168.59.3', os.name: 'Windows 8.1', os.arch: 'amd64', os.version: '6.3', java.version: '1.7.0_75'
*** Element info: {Using=link text, value=Fertilidad}
Session ID: f2beb95b-592f-4aef-9af0-b3060bd5637d
Driver info: org.openqa.selenium.firefox.FirefoxDriver
Capabilities [{platform=WINDOWS, acceptSslCerts=true, javascriptEnabled=true, cssSelectorsEnabled=true, databaseEnabled=true, browserName=firefox, handlesAlerts=true, nativeEvents=false, webStorageEnabled=true, rotatable=false, locationContextEnabled=true, applicationCacheEnabled=true, takesScreenshot=true, version=37.0.1}]</td>
<td></td></tr>
<tr class="b">
<td></td>
<td>
<div id="Dmedicina.Test_Familia_y_Embarazo.Test_Familia_y_Embarazo_Mainerror" style="display:none;">
<div>
<pre>org.openqa.selenium.NoSuchElementException: Unable to locate element: {&quot;method&quot;:&quot;link text&quot;,&quot;selector&quot;:&quot;Fertilidad&quot;}Command duration or timeout: 31.28 secondsFor documentation on this error, please visit: http://seleniumhq.org/exceptions/no_such_element.htmlBuild info: version: '2.45.0', revision: '5017cb8e7ca8e37638dc3091b2440b90a1d8686f', time: '2015-02-27 09:10:26'System info: host: 'hp', ip: '192.168.59.3', os.name: 'Windows 8.1', os.arch: 'amd64', os.version: '6.3', java.version: '1.7.0_75'*** Element info: {Using=link text, value=Fertilidad}Session ID: f2beb95b-592f-4aef-9af0-b3060bd5637dDriver info: org.openqa.selenium.firefox.FirefoxDriverCapabilities [{platform=WINDOWS, acceptSslCerts=true, javascriptEnabled=true, cssSelectorsEnabled=true, databaseEnabled=true, browserName=firefox, handlesAlerts=true, nativeEvents=false, webStorageEnabled=true, rotatable=false, locationContextEnabled=true, applicationCacheEnabled=true, takesScreenshot=true, version=37.0.1}]at sun.reflect.NativeConstructorAccessorImpl.newInstance0(Native Method)at sun.reflect.NativeConstructorAccessorImpl.newInstance(NativeConstructorAccessorImpl.java:57)at sun.reflect.DelegatingConstructorAccessorImpl.newInstance(DelegatingConstructorAccessorImpl.java:45)at java.lang.reflect.Constructor.newInstance(Constructor.java:526)at org.openqa.selenium.remote.ErrorHandler.createThrowable(ErrorHandler.java:204)at org.openqa.selenium.remote.ErrorHandler.throwIfResponseFailed(ErrorHandler.java:156)at org.openqa.selenium.remote.RemoteWebDriver.execute(RemoteWebDriver.java:599)at org.openqa.selenium.remote.RemoteWebDriver.findElement(RemoteWebDriver.java:352)at org.openqa.selenium.remote.RemoteWebDriver.findElementByLinkText(RemoteWebDriver.java:401)at org.openqa.selenium.By$ByLinkText.findElement(By.java:242)at org.openqa.selenium.remote.RemoteWebDriver.findElement(RemoteWebDriver.java:344)at Dmedicina.Test_Familia_y_Embarazo.Test_Familia_y_Embarazo_Main(Test_Familia_y_Embarazo.java:33)</pre></div></div></td>
<td></td></tr>
<tr class="a">
<td><a href="#Dmedicina.Test_Familia_y_Embarazo.Test_Familia_y_Embarazo_Fertilidad"><img src="images/icon_error_sml.gif" alt="" /></a></td>
<td><a href="#Dmedicina.Test_Familia_y_Embarazo.Test_Familia_y_Embarazo_Fertilidad">Test_Familia_y_Embarazo_Fertilidad</a>
<div class="detailToggle" style="display:inline"><a href="javascript:toggleDisplay(&apos;Dmedicina.Test_Familia_y_Embarazo.Test_Familia_y_Embarazo_Fertilidad&apos;);"><span style="display:inline;" id="Dmedicina.Test_Familia_y_Embarazo.Test_Familia_y_Embarazo_Fertilidadoff"> + </span><span style="display:none;" id="Dmedicina.Test_Familia_y_Embarazo.Test_Familia_y_Embarazo_Fertilidadon"> - </span>[ Detail ]</a></div></td>
<td>40.114</td></tr>
<tr class="b">
<td></td>
<td>Unable to locate element: {&quot;method&quot;:&quot;xpath&quot;,&quot;selector&quot;:&quot;//a[contains(text(),'Fertilidad')]&quot;}
Command duration or timeout: 31.27 seconds
For documentation on this error, please visit: http://seleniumhq.org/exceptions/no_such_element.html
Build info: version: '2.45.0', revision: '5017cb8e7ca8e37638dc3091b2440b90a1d8686f', time: '2015-02-27 09:10:26'
System info: host: 'hp', ip: '192.168.59.3', os.name: 'Windows 8.1', os.arch: 'amd64', os.version: '6.3', java.version: '1.7.0_75'
*** Element info: {Using=xpath, value=//a[contains(text(),'Fertilidad')]}
Session ID: 773c58e5-b7e0-4abb-aaa5-520c2bb9037b
Driver info: org.openqa.selenium.firefox.FirefoxDriver
Capabilities [{platform=WINDOWS, acceptSslCerts=true, javascriptEnabled=true, cssSelectorsEnabled=true, databaseEnabled=true, browserName=firefox, handlesAlerts=true, nativeEvents=false, webStorageEnabled=true, rotatable=false, locationContextEnabled=true, applicationCacheEnabled=true, takesScreenshot=true, version=37.0.1}]</td>
<td></td></tr>
<tr class="a">
<td></td>
<td>
<div id="Dmedicina.Test_Familia_y_Embarazo.Test_Familia_y_Embarazo_Fertilidaderror" style="display:none;">
<div>
<pre>org.openqa.selenium.NoSuchElementException: Unable to locate element: {&quot;method&quot;:&quot;xpath&quot;,&quot;selector&quot;:&quot;//a[contains(text(),'Fertilidad')]&quot;}Command duration or timeout: 31.27 secondsFor documentation on this error, please visit: http://seleniumhq.org/exceptions/no_such_element.htmlBuild info: version: '2.45.0', revision: '5017cb8e7ca8e37638dc3091b2440b90a1d8686f', time: '2015-02-27 09:10:26'System info: host: 'hp', ip: '192.168.59.3', os.name: 'Windows 8.1', os.arch: 'amd64', os.version: '6.3', java.version: '1.7.0_75'*** Element info: {Using=xpath, value=//a[contains(text(),'Fertilidad')]}Session ID: 773c58e5-b7e0-4abb-aaa5-520c2bb9037bDriver info: org.openqa.selenium.firefox.FirefoxDriverCapabilities [{platform=WINDOWS, acceptSslCerts=true, javascriptEnabled=true, cssSelectorsEnabled=true, databaseEnabled=true, browserName=firefox, handlesAlerts=true, nativeEvents=false, webStorageEnabled=true, rotatable=false, locationContextEnabled=true, applicationCacheEnabled=true, takesScreenshot=true, version=37.0.1}]at sun.reflect.NativeConstructorAccessorImpl.newInstance0(Native Method)at sun.reflect.NativeConstructorAccessorImpl.newInstance(NativeConstructorAccessorImpl.java:57)at sun.reflect.DelegatingConstructorAccessorImpl.newInstance(DelegatingConstructorAccessorImpl.java:45)at java.lang.reflect.Constructor.newInstance(Constructor.java:526)at org.openqa.selenium.remote.ErrorHandler.createThrowable(ErrorHandler.java:204)at org.openqa.selenium.remote.ErrorHandler.throwIfResponseFailed(ErrorHandler.java:156)at org.openqa.selenium.remote.RemoteWebDriver.execute(RemoteWebDriver.java:599)at org.openqa.selenium.remote.RemoteWebDriver.findElement(RemoteWebDriver.java:352)at org.openqa.selenium.remote.RemoteWebDriver.findElementByXPath(RemoteWebDriver.java:449)at org.openqa.selenium.By$ByXPath.findElement(By.java:357)at org.openqa.selenium.remote.RemoteWebDriver.findElement(RemoteWebDriver.java:344)at Dmedicina.Familia_y_Embarazo.Seleccionar_opcion(Familia_y_Embarazo.java:15)at Dmedicina.Test_Familia_y_Embarazo.Test_Familia_y_Embarazo_Fertilidad(Test_Familia_y_Embarazo.java:47)</pre></div></div></td>
<td></td></tr></table></div>
<div class="section">
<h3>Test_Login<a name="Test_Login"></a></h3><a name="DmedicinaTest_Login"></a>
<table border="1" class="bodyTable">
<tr class="a">
<td><img src="images/icon_success_sml.gif" alt="" /></td>
<td>testLogin_Erroneo</td>
<td>11.719</td></tr>
<tr class="b">
<td><a href="#Dmedicina.Test_Login.testLogin_Correcto_User"><img src="images/icon_error_sml.gif" alt="" /></a></td>
<td><a href="#Dmedicina.Test_Login.testLogin_Correcto_User">testLogin_Correcto_User</a>
<div class="detailToggle" style="display:inline"><a href="javascript:toggleDisplay(&apos;Dmedicina.Test_Login.testLogin_Correcto_User&apos;);"><span style="display:inline;" id="Dmedicina.Test_Login.testLogin_Correcto_Useroff"> + </span><span style="display:none;" id="Dmedicina.Test_Login.testLogin_Correcto_Useron"> - </span>[ Detail ]</a></div></td>
<td>43.522</td></tr>
<tr class="a">
<td></td>
<td>Unable to locate element: {&quot;method&quot;:&quot;xpath&quot;,&quot;selector&quot;:&quot;//ul[@id='sesion']/li&quot;}
Command duration or timeout: 30.10 seconds
For documentation on this error, please visit: http://seleniumhq.org/exceptions/no_such_element.html
Build info: version: '2.45.0', revision: '5017cb8e7ca8e37638dc3091b2440b90a1d8686f', time: '2015-02-27 09:10:26'
System info: host: 'hp', ip: '192.168.59.3', os.name: 'Windows 8.1', os.arch: 'amd64', os.version: '6.3', java.version: '1.7.0_75'
*** Element info: {Using=xpath, value=//ul[@id='sesion']/li}
Session ID: 02572730-f349-4c9e-8849-228b64f5fe19
Driver info: org.openqa.selenium.firefox.FirefoxDriver
Capabilities [{platform=WINDOWS, acceptSslCerts=true, javascriptEnabled=true, cssSelectorsEnabled=true, databaseEnabled=true, browserName=firefox, handlesAlerts=true, nativeEvents=false, webStorageEnabled=true, rotatable=false, locationContextEnabled=true, applicationCacheEnabled=true, takesScreenshot=true, version=37.0.1}]</td>
<td></td></tr>
<tr class="b">
<td></td>
<td>
<div id="Dmedicina.Test_Login.testLogin_Correcto_Usererror" style="display:none;">
<div>
<pre>org.openqa.selenium.NoSuchElementException: Unable to locate element: {&quot;method&quot;:&quot;xpath&quot;,&quot;selector&quot;:&quot;//ul[@id='sesion']/li&quot;}Command duration or timeout: 30.10 secondsFor documentation on this error, please visit: http://seleniumhq.org/exceptions/no_such_element.htmlBuild info: version: '2.45.0', revision: '5017cb8e7ca8e37638dc3091b2440b90a1d8686f', time: '2015-02-27 09:10:26'System info: host: 'hp', ip: '192.168.59.3', os.name: 'Windows 8.1', os.arch: 'amd64', os.version: '6.3', java.version: '1.7.0_75'*** Element info: {Using=xpath, value=//ul[@id='sesion']/li}Session ID: 02572730-f349-4c9e-8849-228b64f5fe19Driver info: org.openqa.selenium.firefox.FirefoxDriverCapabilities [{platform=WINDOWS, acceptSslCerts=true, javascriptEnabled=true, cssSelectorsEnabled=true, databaseEnabled=true, browserName=firefox, handlesAlerts=true, nativeEvents=false, webStorageEnabled=true, rotatable=false, locationContextEnabled=true, applicationCacheEnabled=true, takesScreenshot=true, version=37.0.1}]at sun.reflect.NativeConstructorAccessorImpl.newInstance0(Native Method)at sun.reflect.NativeConstructorAccessorImpl.newInstance(NativeConstructorAccessorImpl.java:57)at sun.reflect.DelegatingConstructorAccessorImpl.newInstance(DelegatingConstructorAccessorImpl.java:45)at java.lang.reflect.Constructor.newInstance(Constructor.java:526)at org.openqa.selenium.remote.ErrorHandler.createThrowable(ErrorHandler.java:204)at org.openqa.selenium.remote.ErrorHandler.throwIfResponseFailed(ErrorHandler.java:156)at org.openqa.selenium.remote.RemoteWebDriver.execute(RemoteWebDriver.java:599)at org.openqa.selenium.remote.RemoteWebDriver.findElement(RemoteWebDriver.java:352)at org.openqa.selenium.remote.RemoteWebDriver.findElementByXPath(RemoteWebDriver.java:449)at org.openqa.selenium.By$ByXPath.findElement(By.java:357)at org.openqa.selenium.remote.RemoteWebDriver.findElement(RemoteWebDriver.java:344)at Dmedicina.Test_Login.testLogin_Correcto_User(Test_Login.java:41)</pre></div></div></td>
<td></td></tr>
<tr class="a">
<td><img src="images/icon_success_sml.gif" alt="" /></td>
<td>testVolver</td>
<td>10.325</td></tr></table></div>
<div class="section">
<h3>Test_VidaSana<a name="Test_VidaSana"></a></h3><a name="DmedicinaTest_VidaSana"></a>
<table border="1" class="bodyTable">
<tr class="a">
<td><img src="images/icon_success_sml.gif" alt="" /></td>
<td>Test_Vida_Sana</td>
<td>15.826</td></tr>
<tr class="b">
<td><a href="#Dmedicina.Test_VidaSana.Test_Vida_Sana_Sexualidad"><img src="images/icon_error_sml.gif" alt="" /></a></td>
<td><a href="#Dmedicina.Test_VidaSana.Test_Vida_Sana_Sexualidad">Test_Vida_Sana_Sexualidad</a>
<div class="detailToggle" style="display:inline"><a href="javascript:toggleDisplay(&apos;Dmedicina.Test_VidaSana.Test_Vida_Sana_Sexualidad&apos;);"><span style="display:inline;" id="Dmedicina.Test_VidaSana.Test_Vida_Sana_Sexualidadoff"> + </span><span style="display:none;" id="Dmedicina.Test_VidaSana.Test_Vida_Sana_Sexualidadon"> - </span>[ Detail ]</a></div></td>
<td>45.381</td></tr>
<tr class="a">
<td></td>
<td>Unable to locate element: {&quot;method&quot;:&quot;xpath&quot;,&quot;selector&quot;:&quot;//section/h2/a&quot;}
Command duration or timeout: 30.03 seconds
For documentation on this error, please visit: http://seleniumhq.org/exceptions/no_such_element.html
Build info: version: '2.45.0', revision: '5017cb8e7ca8e37638dc3091b2440b90a1d8686f', time: '2015-02-27 09:10:26'
System info: host: 'hp', ip: '192.168.59.3', os.name: 'Windows 8.1', os.arch: 'amd64', os.version: '6.3', java.version: '1.7.0_75'
*** Element info: {Using=xpath, value=//section/h2/a}
Session ID: 778560ca-7a0e-4ec7-a38b-14be3c760c4f
Driver info: org.openqa.selenium.firefox.FirefoxDriver
Capabilities [{platform=WINDOWS, acceptSslCerts=true, javascriptEnabled=true, cssSelectorsEnabled=true, databaseEnabled=true, browserName=firefox, handlesAlerts=true, nativeEvents=false, webStorageEnabled=true, rotatable=false, locationContextEnabled=true, applicationCacheEnabled=true, takesScreenshot=true, version=37.0.1}]</td>
<td></td></tr>
<tr class="b">
<td></td>
<td>
<div id="Dmedicina.Test_VidaSana.Test_Vida_Sana_Sexualidaderror" style="display:none;">
<div>
<pre>org.openqa.selenium.NoSuchElementException: Unable to locate element: {&quot;method&quot;:&quot;xpath&quot;,&quot;selector&quot;:&quot;//section/h2/a&quot;}Command duration or timeout: 30.03 secondsFor documentation on this error, please visit: http://seleniumhq.org/exceptions/no_such_element.htmlBuild info: version: '2.45.0', revision: '5017cb8e7ca8e37638dc3091b2440b90a1d8686f', time: '2015-02-27 09:10:26'System info: host: 'hp', ip: '192.168.59.3', os.name: 'Windows 8.1', os.arch: 'amd64', os.version: '6.3', java.version: '1.7.0_75'*** Element info: {Using=xpath, value=//section/h2/a}Session ID: 778560ca-7a0e-4ec7-a38b-14be3c760c4fDriver info: org.openqa.selenium.firefox.FirefoxDriverCapabilities [{platform=WINDOWS, acceptSslCerts=true, javascriptEnabled=true, cssSelectorsEnabled=true, databaseEnabled=true, browserName=firefox, handlesAlerts=true, nativeEvents=false, webStorageEnabled=true, rotatable=false, locationContextEnabled=true, applicationCacheEnabled=true, takesScreenshot=true, version=37.0.1}]at sun.reflect.NativeConstructorAccessorImpl.newInstance0(Native Method)at sun.reflect.NativeConstructorAccessorImpl.newInstance(NativeConstructorAccessorImpl.java:57)at sun.reflect.DelegatingConstructorAccessorImpl.newInstance(DelegatingConstructorAccessorImpl.java:45)at java.lang.reflect.Constructor.newInstance(Constructor.java:526)at org.openqa.selenium.remote.ErrorHandler.createThrowable(ErrorHandler.java:204)at org.openqa.selenium.remote.ErrorHandler.throwIfResponseFailed(ErrorHandler.java:156)at org.openqa.selenium.remote.RemoteWebDriver.execute(RemoteWebDriver.java:599)at org.openqa.selenium.remote.RemoteWebDriver.findElement(RemoteWebDriver.java:352)at org.openqa.selenium.remote.RemoteWebDriver.findElementByXPath(RemoteWebDriver.java:449)at org.openqa.selenium.By$ByXPath.findElement(By.java:357)at org.openqa.selenium.remote.RemoteWebDriver.findElement(RemoteWebDriver.java:344)at Dmedicina.Vida_Sana_Sexualidad.Seleccionar_opcion(Vida_Sana_Sexualidad.java:14)at Dmedicina.Test_VidaSana.Test_Vida_Sana_Sexualidad(Test_VidaSana.java:173)</pre></div></div></td>
<td></td></tr>
<tr class="a">
<td><a href="#Dmedicina.Test_VidaSana.Test_Vida_Sana_Belleza"><img src="images/icon_error_sml.gif" alt="" /></a></td>
<td><a href="#Dmedicina.Test_VidaSana.Test_Vida_Sana_Belleza">Test_Vida_Sana_Belleza</a>
<div class="detailToggle" style="display:inline"><a href="javascript:toggleDisplay(&apos;Dmedicina.Test_VidaSana.Test_Vida_Sana_Belleza&apos;);"><span style="display:inline;" id="Dmedicina.Test_VidaSana.Test_Vida_Sana_Bellezaoff"> + </span><span style="display:none;" id="Dmedicina.Test_VidaSana.Test_Vida_Sana_Bellezaon"> - </span>[ Detail ]</a></div></td>
<td>47.637</td></tr>
<tr class="b">
<td></td>
<td>Unable to locate element: {&quot;method&quot;:&quot;xpath&quot;,&quot;selector&quot;:&quot;//section/h2/a&quot;}
Command duration or timeout: 30.10 seconds
For documentation on this error, please visit: http://seleniumhq.org/exceptions/no_such_element.html
Build info: version: '2.45.0', revision: '5017cb8e7ca8e37638dc3091b2440b90a1d8686f', time: '2015-02-27 09:10:26'
System info: host: 'hp', ip: '192.168.59.3', os.name: 'Windows 8.1', os.arch: 'amd64', os.version: '6.3', java.version: '1.7.0_75'
*** Element info: {Using=xpath, value=//section/h2/a}
Session ID: e53b917e-8bcd-4db2-818c-d81abb959b2a
Driver info: org.openqa.selenium.firefox.FirefoxDriver
Capabilities [{platform=WINDOWS, acceptSslCerts=true, javascriptEnabled=true, cssSelectorsEnabled=true, databaseEnabled=true, browserName=firefox, handlesAlerts=true, nativeEvents=false, webStorageEnabled=true, rotatable=false, locationContextEnabled=true, applicationCacheEnabled=true, takesScreenshot=true, version=37.0.1}]</td>
<td></td></tr>
<tr class="a">
<td></td>
<td>
<div id="Dmedicina.Test_VidaSana.Test_Vida_Sana_Bellezaerror" style="display:none;">
<div>
<pre>org.openqa.selenium.NoSuchElementException: Unable to locate element: {&quot;method&quot;:&quot;xpath&quot;,&quot;selector&quot;:&quot;//section/h2/a&quot;}Command duration or timeout: 30.10 secondsFor documentation on this error, please visit: http://seleniumhq.org/exceptions/no_such_element.htmlBuild info: version: '2.45.0', revision: '5017cb8e7ca8e37638dc3091b2440b90a1d8686f', time: '2015-02-27 09:10:26'System info: host: 'hp', ip: '192.168.59.3', os.name: 'Windows 8.1', os.arch: 'amd64', os.version: '6.3', java.version: '1.7.0_75'*** Element info: {Using=xpath, value=//section/h2/a}Session ID: e53b917e-8bcd-4db2-818c-d81abb959b2aDriver info: org.openqa.selenium.firefox.FirefoxDriverCapabilities [{platform=WINDOWS, acceptSslCerts=true, javascriptEnabled=true, cssSelectorsEnabled=true, databaseEnabled=true, browserName=firefox, handlesAlerts=true, nativeEvents=false, webStorageEnabled=true, rotatable=false, locationContextEnabled=true, applicationCacheEnabled=true, takesScreenshot=true, version=37.0.1}]at sun.reflect.NativeConstructorAccessorImpl.newInstance0(Native Method)at sun.reflect.NativeConstructorAccessorImpl.newInstance(NativeConstructorAccessorImpl.java:57)at sun.reflect.DelegatingConstructorAccessorImpl.newInstance(DelegatingConstructorAccessorImpl.java:45)at java.lang.reflect.Constructor.newInstance(Constructor.java:526)at org.openqa.selenium.remote.ErrorHandler.createThrowable(ErrorHandler.java:204)at org.openqa.selenium.remote.ErrorHandler.throwIfResponseFailed(ErrorHandler.java:156)at org.openqa.selenium.remote.RemoteWebDriver.execute(RemoteWebDriver.java:599)at org.openqa.selenium.remote.RemoteWebDriver.findElement(RemoteWebDriver.java:352)at org.openqa.selenium.remote.RemoteWebDriver.findElementByXPath(RemoteWebDriver.java:449)at org.openqa.selenium.By$ByXPath.findElement(By.java:357)at org.openqa.selenium.remote.RemoteWebDriver.findElement(RemoteWebDriver.java:344)at Dmedicina.Vida_Sana_Belleza.Seleccionar_opcion(Vida_Sana_Belleza.java:14)at Dmedicina.Test_VidaSana.Test_Vida_Sana_Belleza(Test_VidaSana.java:130)</pre></div></div></td>
<td></td></tr>
<tr class="b">
<td><a href="#Dmedicina.Test_VidaSana.Test_Vida_Sana_Alimentacion"><img src="images/icon_error_sml.gif" alt="" /></a></td>
<td><a href="#Dmedicina.Test_VidaSana.Test_Vida_Sana_Alimentacion">Test_Vida_Sana_Alimentacion</a>
<div class="detailToggle" style="display:inline"><a href="javascript:toggleDisplay(&apos;Dmedicina.Test_VidaSana.Test_Vida_Sana_Alimentacion&apos;);"><span style="display:inline;" id="Dmedicina.Test_VidaSana.Test_Vida_Sana_Alimentacionoff"> + </span><span style="display:none;" id="Dmedicina.Test_VidaSana.Test_Vida_Sana_Alimentacionon"> - </span>[ Detail ]</a></div></td>
<td>45.598</td></tr>
<tr class="a">
<td></td>
<td>Unable to locate element: {&quot;method&quot;:&quot;xpath&quot;,&quot;selector&quot;:&quot;//section/h2/a&quot;}
Command duration or timeout: 30.06 seconds
For documentation on this error, please visit: http://seleniumhq.org/exceptions/no_such_element.html
Build info: version: '2.45.0', revision: '5017cb8e7ca8e37638dc3091b2440b90a1d8686f', time: '2015-02-27 09:10:26'
System info: host: 'hp', ip: '192.168.59.3', os.name: 'Windows 8.1', os.arch: 'amd64', os.version: '6.3', java.version: '1.7.0_75'
*** Element info: {Using=xpath, value=//section/h2/a}
Session ID: be16b255-a2a7-4a0a-bb6d-a8488874c26a
Driver info: org.openqa.selenium.firefox.FirefoxDriver
Capabilities [{platform=WINDOWS, acceptSslCerts=true, javascriptEnabled=true, cssSelectorsEnabled=true, databaseEnabled=true, browserName=firefox, handlesAlerts=true, nativeEvents=false, webStorageEnabled=true, rotatable=false, locationContextEnabled=true, applicationCacheEnabled=true, takesScreenshot=true, version=37.0.1}]</td>
<td></td></tr>
<tr class="b">
<td></td>
<td>
<div id="Dmedicina.Test_VidaSana.Test_Vida_Sana_Alimentacionerror" style="display:none;">
<div>
<pre>org.openqa.selenium.NoSuchElementException: Unable to locate element: {&quot;method&quot;:&quot;xpath&quot;,&quot;selector&quot;:&quot;//section/h2/a&quot;}Command duration or timeout: 30.06 secondsFor documentation on this error, please visit: http://seleniumhq.org/exceptions/no_such_element.htmlBuild info: version: '2.45.0', revision: '5017cb8e7ca8e37638dc3091b2440b90a1d8686f', time: '2015-02-27 09:10:26'System info: host: 'hp', ip: '192.168.59.3', os.name: 'Windows 8.1', os.arch: 'amd64', os.version: '6.3', java.version: '1.7.0_75'*** Element info: {Using=xpath, value=//section/h2/a}Session ID: be16b255-a2a7-4a0a-bb6d-a8488874c26aDriver info: org.openqa.selenium.firefox.FirefoxDriverCapabilities [{platform=WINDOWS, acceptSslCerts=true, javascriptEnabled=true, cssSelectorsEnabled=true, databaseEnabled=true, browserName=firefox, handlesAlerts=true, nativeEvents=false, webStorageEnabled=true, rotatable=false, locationContextEnabled=true, applicationCacheEnabled=true, takesScreenshot=true, version=37.0.1}]at sun.reflect.NativeConstructorAccessorImpl.newInstance0(Native Method)at sun.reflect.NativeConstructorAccessorImpl.newInstance(NativeConstructorAccessorImpl.java:57)at sun.reflect.DelegatingConstructorAccessorImpl.newInstance(DelegatingConstructorAccessorImpl.java:45)at java.lang.reflect.Constructor.newInstance(Constructor.java:526)at org.openqa.selenium.remote.ErrorHandler.createThrowable(ErrorHandler.java:204)at org.openqa.selenium.remote.ErrorHandler.throwIfResponseFailed(ErrorHandler.java:156)at org.openqa.selenium.remote.RemoteWebDriver.execute(RemoteWebDriver.java:599)at org.openqa.selenium.remote.RemoteWebDriver.findElement(RemoteWebDriver.java:352)at org.openqa.selenium.remote.RemoteWebDriver.findElementByXPath(RemoteWebDriver.java:449)at org.openqa.selenium.By$ByXPath.findElement(By.java:357)at org.openqa.selenium.remote.RemoteWebDriver.findElement(RemoteWebDriver.java:344)at Dmedicina.Vida_Sana_Alimentacion.Seleccionar_opcion(Vida_Sana_Alimentacion.java:13)at Dmedicina.Test_VidaSana.Test_Vida_Sana_Alimentacion(Test_VidaSana.java:54)</pre></div></div></td>
<td></td></tr>
<tr class="a">
<td><a href="#Dmedicina.Test_VidaSana.Test_Vida_Sana_Deporte"><img src="images/icon_error_sml.gif" alt="" /></a></td>
<td><a href="#Dmedicina.Test_VidaSana.Test_Vida_Sana_Deporte">Test_Vida_Sana_Deporte</a>
<div class="detailToggle" style="display:inline"><a href="javascript:toggleDisplay(&apos;Dmedicina.Test_VidaSana.Test_Vida_Sana_Deporte&apos;);"><span style="display:inline;" id="Dmedicina.Test_VidaSana.Test_Vida_Sana_Deporteoff"> + </span><span style="display:none;" id="Dmedicina.Test_VidaSana.Test_Vida_Sana_Deporteon"> - </span>[ Detail ]</a></div></td>
<td>45.935</td></tr>
<tr class="b">
<td></td>
<td>Unable to locate element: {&quot;method&quot;:&quot;xpath&quot;,&quot;selector&quot;:&quot;//section/h2/a&quot;}
Command duration or timeout: 30.12 seconds
For documentation on this error, please visit: http://seleniumhq.org/exceptions/no_such_element.html
Build info: version: '2.45.0', revision: '5017cb8e7ca8e37638dc3091b2440b90a1d8686f', time: '2015-02-27 09:10:26'
System info: host: 'hp', ip: '192.168.59.3', os.name: 'Windows 8.1', os.arch: 'amd64', os.version: '6.3', java.version: '1.7.0_75'
*** Element info: {Using=xpath, value=//section/h2/a}
Session ID: 2570c263-bf0e-4dd0-a6af-dd9a39619893
Driver info: org.openqa.selenium.firefox.FirefoxDriver
Capabilities [{platform=WINDOWS, acceptSslCerts=true, javascriptEnabled=true, cssSelectorsEnabled=true, databaseEnabled=true, browserName=firefox, handlesAlerts=true, nativeEvents=false, webStorageEnabled=true, rotatable=false, locationContextEnabled=true, applicationCacheEnabled=true, takesScreenshot=true, version=37.0.1}]</td>
<td></td></tr>
<tr class="a">
<td></td>
<td>
<div id="Dmedicina.Test_VidaSana.Test_Vida_Sana_Deporteerror" style="display:none;">
<div>
<pre>org.openqa.selenium.NoSuchElementException: Unable to locate element: {&quot;method&quot;:&quot;xpath&quot;,&quot;selector&quot;:&quot;//section/h2/a&quot;}Command duration or timeout: 30.12 secondsFor documentation on this error, please visit: http://seleniumhq.org/exceptions/no_such_element.htmlBuild info: version: '2.45.0', revision: '5017cb8e7ca8e37638dc3091b2440b90a1d8686f', time: '2015-02-27 09:10:26'System info: host: 'hp', ip: '192.168.59.3', os.name: 'Windows 8.1', os.arch: 'amd64', os.version: '6.3', java.version: '1.7.0_75'*** Element info: {Using=xpath, value=//section/h2/a}Session ID: 2570c263-bf0e-4dd0-a6af-dd9a39619893Driver info: org.openqa.selenium.firefox.FirefoxDriverCapabilities [{platform=WINDOWS, acceptSslCerts=true, javascriptEnabled=true, cssSelectorsEnabled=true, databaseEnabled=true, browserName=firefox, handlesAlerts=true, nativeEvents=false, webStorageEnabled=true, rotatable=false, locationContextEnabled=true, applicationCacheEnabled=true, takesScreenshot=true, version=37.0.1}]at sun.reflect.NativeConstructorAccessorImpl.newInstance0(Native Method)at sun.reflect.NativeConstructorAccessorImpl.newInstance(NativeConstructorAccessorImpl.java:57)at sun.reflect.DelegatingConstructorAccessorImpl.newInstance(DelegatingConstructorAccessorImpl.java:45)at java.lang.reflect.Constructor.newInstance(Constructor.java:526)at org.openqa.selenium.remote.ErrorHandler.createThrowable(ErrorHandler.java:204)at org.openqa.selenium.remote.ErrorHandler.throwIfResponseFailed(ErrorHandler.java:156)at org.openqa.selenium.remote.RemoteWebDriver.execute(RemoteWebDriver.java:599)at org.openqa.selenium.remote.RemoteWebDriver.findElement(RemoteWebDriver.java:352)at org.openqa.selenium.remote.RemoteWebDriver.findElementByXPath(RemoteWebDriver.java:449)at org.openqa.selenium.By$ByXPath.findElement(By.java:357)at org.openqa.selenium.remote.RemoteWebDriver.findElement(RemoteWebDriver.java:344)at Dmedicina.Vida_Sana_Deporte.Seleccionar_opcion(Vida_Sana_Deporte.java:14)at Dmedicina.Test_VidaSana.Test_Vida_Sana_Deporte(Test_VidaSana.java:93)</pre></div></div></td>
<td></td></tr></table></div><br /></div>
<div class="section">
<h2>Failure Details<a name="Failure_Details"></a></h2><a name="Failure_Details"></a>
<p>[<a href="#Summary">Summary</a>] [<a href="#Package_List">Package List</a>] [<a href="#Test_Cases">Test Cases</a>]</p><br />
<table border="1" class="bodyTable">
<tr class="a">
<td><img src="images/icon_error_sml.gif" alt="" /></td>
<td><a name="Dmedicina.Test_Enfermedades.testAbrir_Enfermedades"></a>testAbrir_Enfermedades</td></tr>
<tr class="b">
<td></td>
<td>org.openqa.selenium.NoSuchElementException: Unable to locate element: {&quot;method&quot;:&quot;css selector&quot;,&quot;selector&quot;:&quot;h1&quot;}
Command duration or timeout: 30.16 seconds
For documentation on this error, please visit: http://seleniumhq.org/exceptions/no_such_element.html
Build info: version: '2.45.0', revision: '5017cb8e7ca8e37638dc3091b2440b90a1d8686f', time: '2015-02-27 09:10:26'
System info: host: 'hp', ip: '192.168.59.3', os.name: 'Windows 8.1', os.arch: 'amd64', os.version: '6.3', java.version: '1.7.0_75'
*** Element info: {Using=css selector, value=h1}
Session ID: 05de8705-8432-48c7-a406-e7518d2dde1b
Driver info: org.openqa.selenium.firefox.FirefoxDriver
Capabilities [{platform=WINDOWS, acceptSslCerts=true, javascriptEnabled=true, cssSelectorsEnabled=true, databaseEnabled=true, browserName=firefox, handlesAlerts=true, nativeEvents=false, webStorageEnabled=true, rotatable=false, locationContextEnabled=true, applicationCacheEnabled=true, takesScreenshot=true, version=37.0.1}]</td></tr>                                                                                
<tr class="a">
<td></td>
<td>
<div id="testAbrir_Enfermedadeserror"><a href="./xref-test/Dmedicina/Test_Enfermedades.html#95">Dmedicina.Test_Enfermedades:95</a></div></td></tr>
<tr class="b">
<td><img src="images/icon_error_sml.gif" alt="" /></td>
<td><a name="Dmedicina.Test_Familia_y_Embarazo.Test_Familia_y_Embarazo_Embarazo"></a>Test_Familia_y_Embarazo_Embarazo</td></tr>
<tr class="a">
<td></td>
<td>org.openqa.selenium.NoSuchElementException: Unable to locate element: {&quot;method&quot;:&quot;xpath&quot;,&quot;selector&quot;:&quot;(//a[contains(text(),'Embarazo')])[2]&quot;}
Command duration or timeout: 30.53 seconds
For documentation on this error, please visit: http://seleniumhq.org/exceptions/no_such_element.html
Build info: version: '2.45.0', revision: '5017cb8e7ca8e37638dc3091b2440b90a1d8686f', time: '2015-02-27 09:10:26'
System info: host: 'hp', ip: '192.168.59.3', os.name: 'Windows 8.1', os.arch: 'amd64', os.version: '6.3', java.version: '1.7.0_75'
*** Element info: {Using=xpath, value=(//a[contains(text(),'Embarazo')])[2]}
Session ID: 4ed73fba-92d2-4830-ad8d-9b78da34ecfd
Driver info: org.openqa.selenium.firefox.FirefoxDriver
Capabilities [{platform=WINDOWS, acceptSslCerts=true, javascriptEnabled=true, cssSelectorsEnabled=true, databaseEnabled=true, browserName=firefox, handlesAlerts=true, nativeEvents=false, webStorageEnabled=true, rotatable=false, locationContextEnabled=true, applicationCacheEnabled=true, takesScreenshot=true, version=37.0.1}]</td></tr>                                                                                    
<tr class="b">
<td></td>
<td>
<div id="Test_Familia_y_Embarazo_Embarazoerror"><a href="./xref-test/Dmedicina/Test_Familia_y_Embarazo.html#61">Dmedicina.Test_Familia_y_Embarazo:61</a></div></td></tr>
<tr class="a">
<td><img src="images/icon_error_sml.gif" alt="" /></td>
<td><a name="Dmedicina.Test_Familia_y_Embarazo.Test_Familia_y_Embarazo_Main"></a>Test_Familia_y_Embarazo_Main</td></tr>
<tr class="b">
<td></td>
<td>org.openqa.selenium.NoSuchElementException: Unable to locate element: {&quot;method&quot;:&quot;link text&quot;,&quot;selector&quot;:&quot;Fertilidad&quot;}
Command duration or timeout: 31.28 seconds
For documentation on this error, please visit: http://seleniumhq.org/exceptions/no_such_element.html
Build info: version: '2.45.0', revision: '5017cb8e7ca8e37638dc3091b2440b90a1d8686f', time: '2015-02-27 09:10:26'
System info: host: 'hp', ip: '192.168.59.3', os.name: 'Windows 8.1', os.arch: 'amd64', os.version: '6.3', java.version: '1.7.0_75'
*** Element info: {Using=link text, value=Fertilidad}
Session ID: f2beb95b-592f-4aef-9af0-b3060bd5637d
Driver info: org.openqa.selenium.firefox.FirefoxDriver
Capabilities [{platform=WINDOWS, acceptSslCerts=true, javascriptEnabled=true, cssSelectorsEnabled=true, databaseEnabled=true, browserName=firefox, handlesAlerts=true, nativeEvents=false, webStorageEnabled=true, rotatable=false, locationContextEnabled=true, applicationCacheEnabled=true, takesScreenshot=true, version=37.0.1}]</td></tr>                                                                                
<tr class="a">
<td></td>
<td>
<div id="Test_Familia_y_Embarazo_Mainerror"><a href="./xref-test/Dmedicina/Test_Familia_y_Embarazo.html#33">Dmedicina.Test_Familia_y_Embarazo:33</a></div></td></tr>
<tr class="b">
<td><img src="images/icon_error_sml.gif" alt="" /></td>
<td><a name="Dmedicina.Test_Familia_y_Embarazo.Test_Familia_y_Embarazo_Fertilidad"></a>Test_Familia_y_Embarazo_Fertilidad</td></tr>
<tr class="a">
<td></td>
<td>org.openqa.selenium.NoSuchElementException: Unable to locate element: {&quot;method&quot;:&quot;xpath&quot;,&quot;selector&quot;:&quot;//a[contains(text(),'Fertilidad')]&quot;}
Command duration or timeout: 31.27 seconds
For documentation on this error, please visit: http://seleniumhq.org/exceptions/no_such_element.html
Build info: version: '2.45.0', revision: '5017cb8e7ca8e37638dc3091b2440b90a1d8686f', time: '2015-02-27 09:10:26'
System info: host: 'hp', ip: '192.168.59.3', os.name: 'Windows 8.1', os.arch: 'amd64', os.version: '6.3', java.version: '1.7.0_75'
*** Element info: {Using=xpath, value=//a[contains(text(),'Fertilidad')]}
Session ID: 773c58e5-b7e0-4abb-aaa5-520c2bb9037b
Driver info: org.openqa.selenium.firefox.FirefoxDriver
Capabilities [{platform=WINDOWS, acceptSslCerts=true, javascriptEnabled=true, cssSelectorsEnabled=true, databaseEnabled=true, browserName=firefox, handlesAlerts=true, nativeEvents=false, webStorageEnabled=true, rotatable=false, locationContextEnabled=true, applicationCacheEnabled=true, takesScreenshot=true, version=37.0.1}]</td></tr>                                                                                    
<tr class="b">
<td></td>
<td>
<div id="Test_Familia_y_Embarazo_Fertilidaderror"><a href="./xref-test/Dmedicina/Test_Familia_y_Embarazo.html#47">Dmedicina.Test_Familia_y_Embarazo:47</a></div></td></tr>
<tr class="a">
<td><img src="images/icon_error_sml.gif" alt="" /></td>
<td><a name="Dmedicina.Test_Login.testLogin_Correcto_User"></a>testLogin_Correcto_User</td></tr>
<tr class="b">
<td></td>
<td>org.openqa.selenium.NoSuchElementException: Unable to locate element: {&quot;method&quot;:&quot;xpath&quot;,&quot;selector&quot;:&quot;//ul[@id='sesion']/li&quot;}
Command duration or timeout: 30.10 seconds
For documentation on this error, please visit: http://seleniumhq.org/exceptions/no_such_element.html
Build info: version: '2.45.0', revision: '5017cb8e7ca8e37638dc3091b2440b90a1d8686f', time: '2015-02-27 09:10:26'
System info: host: 'hp', ip: '192.168.59.3', os.name: 'Windows 8.1', os.arch: 'amd64', os.version: '6.3', java.version: '1.7.0_75'
*** Element info: {Using=xpath, value=//ul[@id='sesion']/li}
Session ID: 02572730-f349-4c9e-8849-228b64f5fe19
Driver info: org.openqa.selenium.firefox.FirefoxDriver
Capabilities [{platform=WINDOWS, acceptSslCerts=true, javascriptEnabled=true, cssSelectorsEnabled=true, databaseEnabled=true, browserName=firefox, handlesAlerts=true, nativeEvents=false, webStorageEnabled=true, rotatable=false, locationContextEnabled=true, applicationCacheEnabled=true, takesScreenshot=true, version=37.0.1}]</td></tr>                                                                                
<tr class="a">
<td></td>
<td>
<div id="testLogin_Correcto_Usererror"><a href="./xref-test/Dmedicina/Test_Login.html#41">Dmedicina.Test_Login:41</a></div></td></tr>
<tr class="b">
<td><img src="images/icon_error_sml.gif" alt="" /></td>
<td><a name="Dmedicina.Test_VidaSana.Test_Vida_Sana_Sexualidad"></a>Test_Vida_Sana_Sexualidad</td></tr>
<tr class="a">
<td></td>
<td>org.openqa.selenium.NoSuchElementException: Unable to locate element: {&quot;method&quot;:&quot;xpath&quot;,&quot;selector&quot;:&quot;//section/h2/a&quot;}
Command duration or timeout: 30.03 seconds
For documentation on this error, please visit: http://seleniumhq.org/exceptions/no_such_element.html
Build info: version: '2.45.0', revision: '5017cb8e7ca8e37638dc3091b2440b90a1d8686f', time: '2015-02-27 09:10:26'
System info: host: 'hp', ip: '192.168.59.3', os.name: 'Windows 8.1', os.arch: 'amd64', os.version: '6.3', java.version: '1.7.0_75'
*** Element info: {Using=xpath, value=//section/h2/a}
Session ID: 778560ca-7a0e-4ec7-a38b-14be3c760c4f
Driver info: org.openqa.selenium.firefox.FirefoxDriver
Capabilities [{platform=WINDOWS, acceptSslCerts=true, javascriptEnabled=true, cssSelectorsEnabled=true, databaseEnabled=true, browserName=firefox, handlesAlerts=true, nativeEvents=false, webStorageEnabled=true, rotatable=false, locationContextEnabled=true, applicationCacheEnabled=true, takesScreenshot=true, version=37.0.1}]</td></tr>                                                                                    
<tr class="b">
<td></td>
<td>
<div id="Test_Vida_Sana_Sexualidaderror"><a href="./xref-test/Dmedicina/Test_VidaSana.html#173">Dmedicina.Test_VidaSana:173</a></div></td></tr>
<tr class="a">
<td><img src="images/icon_error_sml.gif" alt="" /></td>
<td><a name="Dmedicina.Test_VidaSana.Test_Vida_Sana_Belleza"></a>Test_Vida_Sana_Belleza</td></tr>
<tr class="b">
<td></td>
<td>org.openqa.selenium.NoSuchElementException: Unable to locate element: {&quot;method&quot;:&quot;xpath&quot;,&quot;selector&quot;:&quot;//section/h2/a&quot;}
Command duration or timeout: 30.10 seconds
For documentation on this error, please visit: http://seleniumhq.org/exceptions/no_such_element.html
Build info: version: '2.45.0', revision: '5017cb8e7ca8e37638dc3091b2440b90a1d8686f', time: '2015-02-27 09:10:26'
System info: host: 'hp', ip: '192.168.59.3', os.name: 'Windows 8.1', os.arch: 'amd64', os.version: '6.3', java.version: '1.7.0_75'
*** Element info: {Using=xpath, value=//section/h2/a}
Session ID: e53b917e-8bcd-4db2-818c-d81abb959b2a
Driver info: org.openqa.selenium.firefox.FirefoxDriver
Capabilities [{platform=WINDOWS, acceptSslCerts=true, javascriptEnabled=true, cssSelectorsEnabled=true, databaseEnabled=true, browserName=firefox, handlesAlerts=true, nativeEvents=false, webStorageEnabled=true, rotatable=false, locationContextEnabled=true, applicationCacheEnabled=true, takesScreenshot=true, version=37.0.1}]</td></tr>                                                                                    
<tr class="a">
<td></td>
<td>
<div id="Test_Vida_Sana_Bellezaerror"><a href="./xref-test/Dmedicina/Test_VidaSana.html#130">Dmedicina.Test_VidaSana:130</a></div></td></tr>
<tr class="b">
<td><img src="images/icon_error_sml.gif" alt="" /></td>
<td><a name="Dmedicina.Test_VidaSana.Test_Vida_Sana_Alimentacion"></a>Test_Vida_Sana_Alimentacion</td></tr>
<tr class="a">
<td></td>
<td>org.openqa.selenium.NoSuchElementException: Unable to locate element: {&quot;method&quot;:&quot;xpath&quot;,&quot;selector&quot;:&quot;//section/h2/a&quot;}
Command duration or timeout: 30.06 seconds
For documentation on this error, please visit: http://seleniumhq.org/exceptions/no_such_element.html
Build info: version: '2.45.0', revision: '5017cb8e7ca8e37638dc3091b2440b90a1d8686f', time: '2015-02-27 09:10:26'
System info: host: 'hp', ip: '192.168.59.3', os.name: 'Windows 8.1', os.arch: 'amd64', os.version: '6.3', java.version: '1.7.0_75'
*** Element info: {Using=xpath, value=//section/h2/a}
Session ID: be16b255-a2a7-4a0a-bb6d-a8488874c26a
Driver info: org.openqa.selenium.firefox.FirefoxDriver
Capabilities [{platform=WINDOWS, acceptSslCerts=true, javascriptEnabled=true, cssSelectorsEnabled=true, databaseEnabled=true, browserName=firefox, handlesAlerts=true, nativeEvents=false, webStorageEnabled=true, rotatable=false, locationContextEnabled=true, applicationCacheEnabled=true, takesScreenshot=true, version=37.0.1}]</td></tr>                                                                                    
<tr class="b">
<td></td>
<td>
<div id="Test_Vida_Sana_Alimentacionerror"><a href="./xref-test/Dmedicina/Test_VidaSana.html#54">Dmedicina.Test_VidaSana:54</a></div></td></tr>
<tr class="a">
<td><img src="images/icon_error_sml.gif" alt="" /></td>
<td><a name="Dmedicina.Test_VidaSana.Test_Vida_Sana_Deporte"></a>Test_Vida_Sana_Deporte</td></tr>
<tr class="b">
<td></td>
<td>org.openqa.selenium.NoSuchElementException: Unable to locate element: {&quot;method&quot;:&quot;xpath&quot;,&quot;selector&quot;:&quot;//section/h2/a&quot;}
Command duration or timeout: 30.12 seconds
For documentation on this error, please visit: http://seleniumhq.org/exceptions/no_such_element.html
Build info: version: '2.45.0', revision: '5017cb8e7ca8e37638dc3091b2440b90a1d8686f', time: '2015-02-27 09:10:26'
System info: host: 'hp', ip: '192.168.59.3', os.name: 'Windows 8.1', os.arch: 'amd64', os.version: '6.3', java.version: '1.7.0_75'
*** Element info: {Using=xpath, value=//section/h2/a}
Session ID: 2570c263-bf0e-4dd0-a6af-dd9a39619893
Driver info: org.openqa.selenium.firefox.FirefoxDriver
Capabilities [{platform=WINDOWS, acceptSslCerts=true, javascriptEnabled=true, cssSelectorsEnabled=true, databaseEnabled=true, browserName=firefox, handlesAlerts=true, nativeEvents=false, webStorageEnabled=true, rotatable=false, locationContextEnabled=true, applicationCacheEnabled=true, takesScreenshot=true, version=37.0.1}]</td></tr>                                                                                    
<tr class="a">
<td></td>
<td>
<div id="Test_Vida_Sana_Deporteerror"><a href="./xref-test/Dmedicina/Test_VidaSana.html#93">Dmedicina.Test_VidaSana:93</a></div></td></tr></table><br /></div>
      </div>
    </div>
    <div class="clear">
      <hr/>
    </div>
    <div id="footer">
      <div class="xright">
              Copyright &#169;                   2015.
          All Rights Reserved.      
                    
                  </div>
      <div class="clear">
        <hr/>
      </div>
    </div>
  </body>
</html>
